<?xml version="1.0" encoding="UTF-8"?>
<!-- Generated by org.testng.reporters.JUnitReportReporter -->
<testsuite hostname="Muralis-MBP.hsd1.ca.comcast.net" failures="0" tests="1" name="testScenarios.dynamicData" time="2.530" errors="0" timestamp="13 Mar 2024 21:49:34 GMT" skipped="0">
  <testcase classname="testScenarios.dynamicData" name="MathCalc" time="2.530"/>
</testsuite> <!-- testScenarios.dynamicData -->
