<?xml version="1.0" encoding="UTF-8"?>
<!-- Generated by org.testng.reporters.JUnitReportReporter -->
<testsuite hostname="Muralis-MBP.hsd1.ca.comcast.net" failures="0" tests="1" name="testScenarios.test" time="0.000" errors="0" timestamp="2024-03-21T13:23:00 PDT" skipped="0">
  <testcase classname="testScenarios.test" name="samp11" time="0.000"/>
</testsuite> <!-- testScenarios.test -->
