<?xml version="1.0" encoding="UTF-8"?>
<!-- Generated by org.testng.reporters.JUnitReportReporter -->
<testsuite hostname="Muralis-MBP.hsd1.ca.comcast.net" failures="0" tests="1" name="testScenarios.SwitchingWindows" time="5.569" errors="0" timestamp="2024-03-19T14:14:23 PDT" skipped="0">
  <testcase classname="testScenarios.SwitchingWindows" name="switchWin" time="5.569"/>
</testsuite> <!-- testScenarios.SwitchingWindows -->
