<?xml version="1.0" encoding="UTF-8"?>
<!-- Generated by org.testng.reporters.JUnitReportReporter -->
<testsuite hostname="Muralis-MBP.hsd1.ca.comcast.net" failures="0" tests="1" name="testScenarios.MouseHover" time="3.768" errors="0" timestamp="2024-03-19T14:14:23 PDT" skipped="0">
  <testcase classname="testScenarios.MouseHover" name="dragAndDrop" time="3.768"/>
</testsuite> <!-- testScenarios.MouseHover -->
